<?xml version="1.0" encoding="UTF-8"?>
<!-- Generated by org.testng.reporters.JUnitXMLReporter -->
<testsuite ignored="7" hostname="LM0004686" failures="0" tests="8" name="LoginToCheckoutFlow" time="39.893" errors="0" timestamp="2025-07-02T09:54:28 IST">
  <testcase classname="tests.HomePageTest" name="testLoginToOrderFlow" time="20.084"/>
  <testcase classname="tests.LoginPageTest" name="testLogin" time="1.153"/>
  <testcase classname="tests.CategoryPageTest" name="testLoginToOrderFlow" time="3.444"/>
  <testcase classname="tests.PlpPageTest" name="testLoginToOrderFlow" time="4.679"/>
  <testcase classname="tests.ProductPageTest" name="testLoginToOrderFlow" time="0.103"/>
  <testcase classname="tests.CartPageTest" name="testLoginToOrderFlow" time="2.736"/>
  <testcase classname="tests.CheckoutPageTest" name="testLoginToOrderFlow" time="3.728"/>
  <testcase classname="tests.ThankYouPageTest" name="testLoginToOrderFlow" time="3.839"/>
  <testcase classname="base.BaseTest" name="@BeforeSuite setUp" time="0.0">
    <ignored/>
  </testcase> <!-- @BeforeSuite setUp -->
  <testcase classname="base.BaseTest" name="@BeforeSuite setUp" time="0.0">
    <ignored/>
  </testcase> <!-- @BeforeSuite setUp -->
  <testcase classname="base.BaseTest" name="@BeforeSuite setUp" time="0.0">
    <ignored/>
  </testcase> <!-- @BeforeSuite setUp -->
  <testcase classname="base.BaseTest" name="@BeforeSuite setUp" time="0.0">
    <ignored/>
  </testcase> <!-- @BeforeSuite setUp -->
  <testcase classname="base.BaseTest" name="@BeforeSuite setUp" time="0.0">
    <ignored/>
  </testcase> <!-- @BeforeSuite setUp -->
  <testcase classname="base.BaseTest" name="@BeforeSuite setUp" time="0.0">
    <ignored/>
  </testcase> <!-- @BeforeSuite setUp -->
  <testcase classname="base.BaseTest" name="@BeforeSuite setUp" time="0.0">
    <ignored/>
  </testcase> <!-- @BeforeSuite setUp -->
</testsuite> <!-- LoginToCheckoutFlow -->
